#
# A fatal error has been detected by the Java Runtime Environment:
#
#  Internal Error (macroAssembler_x86.cpp:864), pid=7520, tid=2164
#  fatal error: DEBUG MESSAGE: unimplemented bytecode
#
# JRE version: OpenJDK Runtime Environment Corretto-17.0.15.6.1 (17.0.15+6) (build 17.0.15+6-LTS)
# Java VM: OpenJDK 64-Bit Server VM Corretto-17.0.15.6.1 (17.0.15+6-LTS, mixed mode, sharing, tiered, compressed oops, compressed class ptrs, g1 gc, windows-amd64)
# No core dump will be written. Minidumps are not enabled by default on client versions of Windows
#
# If you would like to submit a bug report, please visit:
#   https://github.com/corretto/corretto-17/issues/
#

---------------  S U M M A R Y ------------

Command Line: --add-opens=java.base/java.lang=ALL-UNNAMED --add-opens=java.base/java.lang.invoke=ALL-UNNAMED --add-opens=java.base/java.util=ALL-UNNAMED --add-opens=java.prefs/java.util.prefs=ALL-UNNAMED --add-exports=jdk.compiler/com.sun.tools.javac.api=ALL-UNNAMED --add-exports=jdk.compiler/com.sun.tools.javac.util=ALL-UNNAMED --add-opens=java.base/java.util=ALL-UNNAMED --add-opens=java.prefs/java.util.prefs=ALL-UNNAMED --add-opens=java.base/java.nio.charset=ALL-UNNAMED --add-opens=java.base/java.net=ALL-UNNAMED --add-opens=java.base/java.util.concurrent.atomic=ALL-UNNAMED --add-opens=java.xml/javax.xml.namespace=ALL-UNNAMED -Xmx2048M -Dfile.encoding=UTF-8 -Duser.country=US -Duser.language=en -Duser.variant -javaagent:C:\Users\adilc\.gradle\wrapper\dists\gradle-8.14-bin\38aieal9i53h9rfe7vjup95b9\gradle-8.14\lib\agents\gradle-instrumentation-agent-8.14.jar org.gradle.launcher.daemon.bootstrap.GradleDaemon 8.14

Host: Intel(R) Core(TM) i9-14900KF, 32 cores, 63G,  Windows 11 , 64 bit Build 26100 (10.0.26100.3912)
Time: Sun Apr 27 04:01:39 2025 SE Asia Standard Time elapsed time: 2902.116096 seconds (0d 0h 48m 22s)

---------------  T H R E A D  ---------------

Current thread (0x0000019ba13af160):  JavaThread "WorkerExecutor Queue Thread 2" [_thread_in_Java, id=2164, stack(0x000000049d200000,0x000000049d300000)]

Stack: [0x000000049d200000,0x000000049d300000]
Native frames: (J=compiled Java code, j=interpreted, Vv=VM code, C=native code)
V  [jvm.dll+0x681149]
V  [jvm.dll+0x838b5a]
V  [jvm.dll+0x83a61e]
V  [jvm.dll+0x24809b]
V  [jvm.dll+0x5b5a1e]
C  0x0000019b3d3a905b

